-------------------------------------------------------------------------------
Test set: com.example.bankcards.controller.AuthControllerTest
-------------------------------------------------------------------------------
Tests run: 11, Failures: 11, Errors: 0, Skipped: 0, Time elapsed: 1.997 s <<< FAILURE! -- in com.example.bankcards.controller.AuthControllerTest
com.example.bankcards.controller.AuthControllerTest.login_ValidCredentials_ReturnsTokenResponse -- Time elapsed: 0.063 s <<< FAILURE!
java.lang.AssertionError: Status expected:<200> but was:<404>
	at org.springframework.test.util.AssertionErrors.fail(AssertionErrors.java:62)
	at org.springframework.test.util.AssertionErrors.assertEquals(AssertionErrors.java:129)
	at org.springframework.test.web.servlet.result.StatusResultMatchers.lambda$matcher$0(StatusResultMatchers.java:600)
	at org.springframework.test.web.servlet.MockMvc$1.andExpect(MockMvc.java:212)
	at com.example.bankcards.controller.AuthControllerTest.login_ValidCredentials_ReturnsTokenResponse(AuthControllerTest.java:113)

com.example.bankcards.controller.AuthControllerTest.logout_ValidToken_ReturnsNoContent -- Time elapsed: 0.010 s <<< FAILURE!
java.lang.AssertionError: Status expected:<204> but was:<404>
	at org.springframework.test.util.AssertionErrors.fail(AssertionErrors.java:62)
	at org.springframework.test.util.AssertionErrors.assertEquals(AssertionErrors.java:129)
	at org.springframework.test.web.servlet.result.StatusResultMatchers.lambda$matcher$0(StatusResultMatchers.java:600)
	at org.springframework.test.web.servlet.MockMvc$1.andExpect(MockMvc.java:212)
	at com.example.bankcards.controller.AuthControllerTest.logout_ValidToken_ReturnsNoContent(AuthControllerTest.java:126)

com.example.bankcards.controller.AuthControllerTest.register_UsernameExists_ReturnsConflict -- Time elapsed: 0.012 s <<< FAILURE!
java.lang.AssertionError: Status expected:<409> but was:<404>
	at org.springframework.test.util.AssertionErrors.fail(AssertionErrors.java:62)
	at org.springframework.test.util.AssertionErrors.assertEquals(AssertionErrors.java:129)
	at org.springframework.test.web.servlet.result.StatusResultMatchers.lambda$matcher$0(StatusResultMatchers.java:600)
	at org.springframework.test.web.servlet.MockMvc$1.andExpect(MockMvc.java:212)
	at com.example.bankcards.controller.AuthControllerTest.register_UsernameExists_ReturnsConflict(AuthControllerTest.java:198)

com.example.bankcards.controller.AuthControllerTest.register_EmailExists_ReturnsConflict -- Time elapsed: 0.007 s <<< FAILURE!
java.lang.AssertionError: Status expected:<409> but was:<404>
	at org.springframework.test.util.AssertionErrors.fail(AssertionErrors.java:62)
	at org.springframework.test.util.AssertionErrors.assertEquals(AssertionErrors.java:129)
	at org.springframework.test.web.servlet.result.StatusResultMatchers.lambda$matcher$0(StatusResultMatchers.java:600)
	at org.springframework.test.web.servlet.MockMvc$1.andExpect(MockMvc.java:212)
	at com.example.bankcards.controller.AuthControllerTest.register_EmailExists_ReturnsConflict(AuthControllerTest.java:223)

com.example.bankcards.controller.AuthControllerTest.logout_NoAuthHeader_ReturnsNoContent -- Time elapsed: 0.006 s <<< FAILURE!
java.lang.AssertionError: Status expected:<500> but was:<404>
	at org.springframework.test.util.AssertionErrors.fail(AssertionErrors.java:62)
	at org.springframework.test.util.AssertionErrors.assertEquals(AssertionErrors.java:129)
	at org.springframework.test.web.servlet.result.StatusResultMatchers.lambda$matcher$0(StatusResultMatchers.java:600)
	at org.springframework.test.web.servlet.MockMvc$1.andExpect(MockMvc.java:212)
	at com.example.bankcards.controller.AuthControllerTest.logout_NoAuthHeader_ReturnsNoContent(AuthControllerTest.java:134)

com.example.bankcards.controller.AuthControllerTest.register_EmptyField_ReturnsUnprocessableContent -- Time elapsed: 0.007 s <<< FAILURE!
java.lang.AssertionError: Status expected:<422> but was:<404>
	at org.springframework.test.util.AssertionErrors.fail(AssertionErrors.java:62)
	at org.springframework.test.util.AssertionErrors.assertEquals(AssertionErrors.java:129)
	at org.springframework.test.web.servlet.result.StatusResultMatchers.lambda$matcher$0(StatusResultMatchers.java:600)
	at org.springframework.test.web.servlet.MockMvc$1.andExpect(MockMvc.java:212)
	at com.example.bankcards.controller.AuthControllerTest.register_EmptyField_ReturnsUnprocessableContent(AuthControllerTest.java:250)

com.example.bankcards.controller.AuthControllerTest.registerList_AllValid_ReturnsSuccess -- Time elapsed: 0.024 s <<< FAILURE!
java.lang.AssertionError: Status expected:<200> but was:<404>
	at org.springframework.test.util.AssertionErrors.fail(AssertionErrors.java:62)
	at org.springframework.test.util.AssertionErrors.assertEquals(AssertionErrors.java:129)
	at org.springframework.test.web.servlet.result.StatusResultMatchers.lambda$matcher$0(StatusResultMatchers.java:600)
	at org.springframework.test.web.servlet.MockMvc$1.andExpect(MockMvc.java:212)
	at com.example.bankcards.controller.AuthControllerTest.registerList_AllValid_ReturnsSuccess(AuthControllerTest.java:317)

com.example.bankcards.controller.AuthControllerTest.register_ValidData_ReturnsSuccess -- Time elapsed: 0.007 s <<< FAILURE!
java.lang.AssertionError: Status expected:<200> but was:<404>
	at org.springframework.test.util.AssertionErrors.fail(AssertionErrors.java:62)
	at org.springframework.test.util.AssertionErrors.assertEquals(AssertionErrors.java:129)
	at org.springframework.test.web.servlet.result.StatusResultMatchers.lambda$matcher$0(StatusResultMatchers.java:600)
	at org.springframework.test.web.servlet.MockMvc$1.andExpect(MockMvc.java:212)
	at com.example.bankcards.controller.AuthControllerTest.register_ValidData_ReturnsSuccess(AuthControllerTest.java:160)

com.example.bankcards.controller.AuthControllerTest.register_WithoutField_ReturnsUnprocessableContent -- Time elapsed: 0.009 s <<< FAILURE!
java.lang.AssertionError: Status expected:<422> but was:<404>
	at org.springframework.test.util.AssertionErrors.fail(AssertionErrors.java:62)
	at org.springframework.test.util.AssertionErrors.assertEquals(AssertionErrors.java:129)
	at org.springframework.test.web.servlet.result.StatusResultMatchers.lambda$matcher$0(StatusResultMatchers.java:600)
	at org.springframework.test.web.servlet.MockMvc$1.andExpect(MockMvc.java:212)
	at com.example.bankcards.controller.AuthControllerTest.register_WithoutField_ReturnsUnprocessableContent(AuthControllerTest.java:277)

com.example.bankcards.controller.AuthControllerTest.refreshToken_ValidRequest_ReturnsNewTokens -- Time elapsed: 0.007 s <<< FAILURE!
java.lang.AssertionError: Status expected:<200> but was:<404>
	at org.springframework.test.util.AssertionErrors.fail(AssertionErrors.java:62)
	at org.springframework.test.util.AssertionErrors.assertEquals(AssertionErrors.java:129)
	at org.springframework.test.web.servlet.result.StatusResultMatchers.lambda$matcher$0(StatusResultMatchers.java:600)
	at org.springframework.test.web.servlet.MockMvc$1.andExpect(MockMvc.java:212)
	at com.example.bankcards.controller.AuthControllerTest.refreshToken_ValidRequest_ReturnsNewTokens(AuthControllerTest.java:373)

com.example.bankcards.controller.AuthControllerTest.registerList_DuplicateUsername_ReturnsBadRequest -- Time elapsed: 0.007 s <<< FAILURE!
java.lang.AssertionError: Status expected:<409> but was:<404>
	at org.springframework.test.util.AssertionErrors.fail(AssertionErrors.java:62)
	at org.springframework.test.util.AssertionErrors.assertEquals(AssertionErrors.java:129)
	at org.springframework.test.web.servlet.result.StatusResultMatchers.lambda$matcher$0(StatusResultMatchers.java:600)
	at org.springframework.test.web.servlet.MockMvc$1.andExpect(MockMvc.java:212)
	at com.example.bankcards.controller.AuthControllerTest.registerList_DuplicateUsername_ReturnsBadRequest(AuthControllerTest.java:361)

