<?xml version="1.0" encoding="UTF-8"?>
<testsuite xmlns:xsi="http://www.w3.org/2001/XMLSchema-instance" xsi:noNamespaceSchemaLocation="https://maven.apache.org/surefire/maven-surefire-plugin/xsd/surefire-test-report-3.0.xsd" version="3.0" name="com.example.bankcards.controller.CardControllerTest" time="0.859" tests="19" errors="0" skipped="0" failures="0">
  <properties>
[...]
</properties>
  <testcase name="blockRequestAllCard_Success_ReturnsNoContent" classname="com.example.bankcards.controller.CardControllerTest" time="0.086">
    <system-out><![CDATA[2026-03-15 16:56:45 [main] INFO  o.s.t.c.s.AnnotationConfigContextLoaderUtils - Could not detect default configuration classes for test class [com.example.bankcards.controller.CardControllerTest]: CardControllerTest does not declare any static, non-private, non-final, nested classes annotated with @Configuration.
2026-03-15 16:56:45 [main] INFO  o.s.b.t.c.SpringBootTestContextBootstrapper - Found @SpringBootConfiguration com.example.bankcards.BankCardsApplication for test class com.example.bankcards.controller.CardControllerTest
2026-03-15 16:56:45 [main] INFO  o.s.b.d.r.RestartApplicationListener - Restart disabled due to context in which it is running

  .   ____          _            __ _ _
 /\\ / ___'_ __ _ _(_)_ __  __ _ \ \ \ \
( ( )\___ | '_ | '_| | '_ \/ _` | \ \ \ \
 \\/  ___)| |_)| | | | | || (_| |  ) ) ) )
  '  |____| .__|_| |_|_| |_\__, | / / / /
 =========|_|==============|___/=/_/_/_/

 :: Spring Boot ::                (v4.0.2)

2026-03-15 16:56:45 [main] INFO  c.e.b.controller.CardControllerTest - Starting CardControllerTest using Java 25.0.2 with PID 16568 (started by gorin47 in D:\Projects\Bank_REST\bank_rest)
2026-03-15 16:56:45 [main] DEBUG c.e.b.controller.CardControllerTest - Running with Spring Boot v4.0.2, Spring v7.0.3
2026-03-15 16:56:45 [main] INFO  c.e.b.controller.CardControllerTest - No active profile set, falling back to 1 default profile: "default"
2026-03-15 16:56:45 [main] DEBUG o.s.w.c.s.GenericWebApplicationContext - Refreshing org.springframework.web.context.support.GenericWebApplicationContext@28dd8786
2026-03-15 16:56:45 [main] INFO  o.s.s.c.a.a.c.InitializeUserDetailsBeanManagerConfigurer$InitializeUserDetailsManagerConfigurer - Global AuthenticationManager configured with UserDetailsService bean with name userService
2026-03-15 16:56:45 [main] DEBUG o.s.s.web.DefaultSecurityFilterChain - Will secure any request with filters: DisableEncodeUrlFilter, WebAsyncManagerIntegrationFilter, SecurityContextHolderFilter, HeaderWriterFilter, CorsFilter, LogoutFilter, JwtAuthenticationFilter, RequestCacheAwareFilter, SecurityContextHolderAwareRequestFilter, AnonymousAuthenticationFilter, SessionManagementFilter, ExceptionTranslationFilter, AuthorizationFilter
2026-03-15 16:56:45 [main] DEBUG o.s.w.s.m.m.a.RequestMappingHandlerMapping - 14 mappings in 'requestMappingHandlerMapping'
2026-03-15 16:56:45 [main] DEBUG o.s.w.s.h.SimpleUrlHandlerMapping - Patterns [/webjars/**, /**] in 'resourceHandlerMapping'
2026-03-15 16:56:45 [main] DEBUG o.s.w.s.m.m.a.RequestMappingHandlerAdapter - ControllerAdvice beans: 0 @ModelAttribute, 0 @InitBinder, 2 RequestBodyAdvice, 1 ResponseBodyAdvice
2026-03-15 16:56:45 [main] DEBUG o.s.w.s.m.m.a.ExceptionHandlerExceptionResolver - ControllerAdvice beans: 1 @ExceptionHandler, 1 ResponseBodyAdvice
2026-03-15 16:56:45 [main] DEBUG c.e.b.s.JwtAuthenticationFilter - Filter 'jwtAuthenticationFilter' configured for use
2026-03-15 16:56:45 [main] INFO  o.s.b.t.m.w.SpringBootMockServletContext - Initializing Spring TestDispatcherServlet ''
2026-03-15 16:56:45 [main] INFO  o.s.t.w.s.TestDispatcherServlet - Initializing Servlet ''
2026-03-15 16:56:45 [main] INFO  o.s.t.w.s.TestDispatcherServlet - Completed initialization in 1 ms
2026-03-15 16:56:45 [main] INFO  c.e.b.controller.CardControllerTest - Started CardControllerTest in 0.435 seconds (process running for 2.946)
2026-03-15 16:56:45 [main] DEBUG o.s.security.web.FilterChainProxy - Securing POST /api/cards/block_request_admin
2026-03-15 16:56:45 [main] DEBUG o.s.security.web.FilterChainProxy - Secured POST /api/cards/block_request_admin
2026-03-15 16:56:45 [main] DEBUG o.s.w.s.m.m.a.RequestMappingHandlerMapping - Mapped to com.example.bankcards.controller.CardController#blockRequestAllCard()
2026-03-15 16:56:45 [main] DEBUG o.s.s.a.m.AuthorizationManagerBeforeMethodInterceptor - Authorizing method invocation ReflectiveMethodInvocation: public org.springframework.http.ResponseEntity com.example.bankcards.controller.CardController.blockRequestAllCard(); target is of class [com.example.bankcards.controller.CardController]
2026-03-15 16:56:45 [main] DEBUG o.s.s.a.m.AuthorizationManagerBeforeMethodInterceptor - Authorized method invocation ReflectiveMethodInvocation: public org.springframework.http.ResponseEntity com.example.bankcards.controller.CardController.blockRequestAllCard(); target is of class [com.example.bankcards.controller.CardController]
2026-03-15 16:56:45 [main] DEBUG o.s.w.s.m.m.a.HttpEntityMethodProcessor - Using 'application/json', given [*/*] and supported [application/json, application/*+json, application/yaml]
2026-03-15 16:56:45 [main] DEBUG o.s.w.s.m.m.a.HttpEntityMethodProcessor - Nothing to write: null body
]]></system-out>
  </testcase>
  <testcase name="createListCard_AllValid_ReturnsListOfCards" classname="com.example.bankcards.controller.CardControllerTest" time="0.159">
    <system-out><![CDATA[2026-03-15 16:56:45 [main] DEBUG o.s.security.web.FilterChainProxy - Securing POST /api/cards/create_list
2026-03-15 16:56:45 [main] DEBUG o.s.security.web.FilterChainProxy - Secured POST /api/cards/create_list
2026-03-15 16:56:45 [main] DEBUG o.s.w.s.m.m.a.RequestMappingHandlerMapping - Mapped to com.example.bankcards.controller.CardController#createListCard(List)
2026-03-15 16:56:45 [main] DEBUG o.s.w.s.m.m.a.RequestResponseBodyMethodProcessor - Read "application/json;charset=UTF-8" to [[CardRegistrationDto(username=user1), CardRegistrationDto(username=user2)]]
2026-03-15 16:56:45 [main] DEBUG o.s.s.a.m.AuthorizationManagerBeforeMethodInterceptor - Authorizing method invocation ReflectiveMethodInvocation: public org.springframework.http.ResponseEntity com.example.bankcards.controller.CardController.createListCard(java.util.List); target is of class [com.example.bankcards.controller.CardController]
2026-03-15 16:56:45 [main] DEBUG o.s.s.a.m.AuthorizationManagerBeforeMethodInterceptor - Authorized method invocation ReflectiveMethodInvocation: public org.springframework.http.ResponseEntity com.example.bankcards.controller.CardController.createListCard(java.util.List); target is of class [com.example.bankcards.controller.CardController]
2026-03-15 16:56:45 [main] DEBUG o.s.w.s.m.m.a.HttpEntityMethodProcessor - Using 'application/json', given [*/*] and supported [application/json, application/*+json, application/yaml]
2026-03-15 16:56:45 [main] DEBUG o.s.w.s.m.m.a.HttpEntityMethodProcessor - Writing [[CardDto(id=1, number=**** **** **** 2430, expiryDate=2026-04-14, balance=0, status=NEW_CARD, user=u (truncated)...]
]]></system-out>
  </testcase>
  <testcase name="activateCards_ValidList_ReturnsActivatedCards" classname="com.example.bankcards.controller.CardControllerTest" time="0.012">
    <system-out><![CDATA[2026-03-15 16:56:45 [main] DEBUG o.s.security.web.FilterChainProxy - Securing POST /api/cards/activate_list
2026-03-15 16:56:45 [main] DEBUG o.s.security.web.FilterChainProxy - Secured POST /api/cards/activate_list
2026-03-15 16:56:45 [main] DEBUG o.s.w.s.m.m.a.RequestMappingHandlerMapping - Mapped to com.example.bankcards.controller.CardController#activateCards(List)
2026-03-15 16:56:45 [main] DEBUG o.s.w.s.m.m.a.RequestResponseBodyMethodProcessor - Read "application/json;charset=UTF-8" to [[1, 2]]
2026-03-15 16:56:45 [main] DEBUG o.s.s.a.m.AuthorizationManagerBeforeMethodInterceptor - Authorizing method invocation ReflectiveMethodInvocation: public org.springframework.http.ResponseEntity com.example.bankcards.controller.CardController.activateCards(java.util.List); target is of class [com.example.bankcards.controller.CardController]
2026-03-15 16:56:45 [main] DEBUG o.s.s.a.m.AuthorizationManagerBeforeMethodInterceptor - Authorized method invocation ReflectiveMethodInvocation: public org.springframework.http.ResponseEntity com.example.bankcards.controller.CardController.activateCards(java.util.List); target is of class [com.example.bankcards.controller.CardController]
2026-03-15 16:56:45 [main] DEBUG o.s.w.s.m.m.a.HttpEntityMethodProcessor - Using 'application/json', given [*/*] and supported [application/json, application/*+json, application/yaml]
2026-03-15 16:56:45 [main] DEBUG o.s.w.s.m.m.a.HttpEntityMethodProcessor - Writing [[CardDto(id=1, number=**** **** **** 4000, expiryDate=2026-05-31, balance=1000.0, status=NEW_CARD, u (truncated)...]
]]></system-out>
  </testcase>
  <testcase name="deleteCard_ValidId_ReturnsNoContent" classname="com.example.bankcards.controller.CardControllerTest" time="0.008">
    <system-out><![CDATA[2026-03-15 16:56:45 [main] DEBUG o.s.security.web.FilterChainProxy - Securing DELETE /api/cards/delete/1
2026-03-15 16:56:45 [main] DEBUG o.s.security.web.FilterChainProxy - Secured DELETE /api/cards/delete/1
2026-03-15 16:56:45 [main] DEBUG o.s.w.s.m.m.a.RequestMappingHandlerMapping - Mapped to com.example.bankcards.controller.CardController#deleteCard(Long)
2026-03-15 16:56:45 [main] DEBUG o.s.s.a.m.AuthorizationManagerBeforeMethodInterceptor - Authorizing method invocation ReflectiveMethodInvocation: public org.springframework.http.ResponseEntity com.example.bankcards.controller.CardController.deleteCard(java.lang.Long); target is of class [com.example.bankcards.controller.CardController]
2026-03-15 16:56:45 [main] DEBUG o.s.s.a.m.AuthorizationManagerBeforeMethodInterceptor - Authorized method invocation ReflectiveMethodInvocation: public org.springframework.http.ResponseEntity com.example.bankcards.controller.CardController.deleteCard(java.lang.Long); target is of class [com.example.bankcards.controller.CardController]
2026-03-15 16:56:45 [main] DEBUG o.s.w.s.m.m.a.HttpEntityMethodProcessor - Using 'application/json', given [*/*] and supported [application/json, application/*+json, application/yaml]
2026-03-15 16:56:45 [main] DEBUG o.s.w.s.m.m.a.HttpEntityMethodProcessor - Nothing to write: null body
]]></system-out>
  </testcase>
  <testcase name="blockRequestCard_ValidId_ReturnsUpdatedCard" classname="com.example.bankcards.controller.CardControllerTest" time="0.007">
    <system-out><![CDATA[2026-03-15 16:56:45 [main] DEBUG o.s.security.web.FilterChainProxy - Securing POST /api/cards/block/1
2026-03-15 16:56:45 [main] DEBUG o.s.security.web.FilterChainProxy - Secured POST /api/cards/block/1
2026-03-15 16:56:45 [main] DEBUG o.s.w.s.m.m.a.RequestMappingHandlerMapping - Mapped to com.example.bankcards.controller.CardController#blockRequestCard(Long)
2026-03-15 16:56:45 [main] DEBUG o.s.w.s.m.m.a.HttpEntityMethodProcessor - Using 'application/json', given [*/*] and supported [application/json, application/*+json, application/yaml]
2026-03-15 16:56:45 [main] DEBUG o.s.w.s.m.m.a.HttpEntityMethodProcessor - Writing [CardDto(id=1, number=**** **** **** 4000, expiryDate=2026-05-31, balance=1000.0, status=BLOCK_REQUES (truncated)...]
]]></system-out>
  </testcase>
  <testcase name="getAllCards_ReturnsPagedResponse" classname="com.example.bankcards.controller.CardControllerTest" time="0.013">
    <system-out><![CDATA[2026-03-15 16:56:45 [main] DEBUG o.s.security.web.FilterChainProxy - Securing GET /api/cards/all
2026-03-15 16:56:45 [main] DEBUG o.s.security.web.FilterChainProxy - Secured GET /api/cards/all
2026-03-15 16:56:45 [main] DEBUG o.s.w.s.m.m.a.RequestMappingHandlerMapping - Mapped to com.example.bankcards.controller.CardController#getAllCards(int, int)
2026-03-15 16:56:45 [main] DEBUG o.s.s.a.m.AuthorizationManagerBeforeMethodInterceptor - Authorizing method invocation ReflectiveMethodInvocation: public org.springframework.http.ResponseEntity com.example.bankcards.controller.CardController.getAllCards(int,int); target is of class [com.example.bankcards.controller.CardController]
2026-03-15 16:56:45 [main] DEBUG o.s.s.a.m.AuthorizationManagerBeforeMethodInterceptor - Authorized method invocation ReflectiveMethodInvocation: public org.springframework.http.ResponseEntity com.example.bankcards.controller.CardController.getAllCards(int,int); target is of class [com.example.bankcards.controller.CardController]
2026-03-15 16:56:45 [main] DEBUG o.s.w.s.m.m.a.HttpEntityMethodProcessor - Using 'application/json', given [*/*] and supported [application/json, application/*+json, application/yaml]
2026-03-15 16:56:45 [main] DEBUG o.s.w.s.m.m.a.HttpEntityMethodProcessor - Writing [PagedResponse(content=[CardDto(id=1, number=**** **** **** 4000, expiryDate=2026-05-31, balance=1000 (truncated)...]
]]></system-out>
  </testcase>
  <testcase name="createListCard_OneUserNotFound_ReturnsNotFound" classname="com.example.bankcards.controller.CardControllerTest" time="0.012">
    <system-out><![CDATA[2026-03-15 16:56:45 [main] DEBUG o.s.security.web.FilterChainProxy - Securing POST /api/cards/create_list
2026-03-15 16:56:45 [main] DEBUG o.s.security.web.FilterChainProxy - Secured POST /api/cards/create_list
2026-03-15 16:56:45 [main] DEBUG o.s.w.s.m.m.a.RequestMappingHandlerMapping - Mapped to com.example.bankcards.controller.CardController#createListCard(List)
2026-03-15 16:56:45 [main] DEBUG o.s.w.s.m.m.a.RequestResponseBodyMethodProcessor - Read "application/json;charset=UTF-8" to [[CardRegistrationDto(username=unknown), CardRegistrationDto(username=user1)]]
2026-03-15 16:56:45 [main] DEBUG o.s.s.a.m.AuthorizationManagerBeforeMethodInterceptor - Authorizing method invocation ReflectiveMethodInvocation: public org.springframework.http.ResponseEntity com.example.bankcards.controller.CardController.createListCard(java.util.List); target is of class [com.example.bankcards.controller.CardController]
2026-03-15 16:56:45 [main] DEBUG o.s.s.a.m.AuthorizationManagerBeforeMethodInterceptor - Authorized method invocation ReflectiveMethodInvocation: public org.springframework.http.ResponseEntity com.example.bankcards.controller.CardController.createListCard(java.util.List); target is of class [com.example.bankcards.controller.CardController]
2026-03-15 16:56:45 [main] DEBUG o.s.w.s.m.m.a.ExceptionHandlerExceptionResolver - Using @ExceptionHandler com.example.bankcards.exception.GlobalExceptionHandler#handleResourceNotFound(ResourceNotFoundException)
2026-03-15 16:56:45 [main] DEBUG o.s.w.s.m.m.a.RequestResponseBodyMethodProcessor - Using 'application/json', given [*/*] and supported [application/json, application/*+json, application/yaml]
2026-03-15 16:56:45 [main] DEBUG o.s.w.s.m.m.a.RequestResponseBodyMethodProcessor - Writing [ErrorResponseDTO(timestamp=2026-03-15T16:56:45.790561800, path=/api, status=404, error=Not Found, me (truncated)...]
2026-03-15 16:56:45 [main] DEBUG o.s.w.s.m.m.a.ExceptionHandlerExceptionResolver - Resolved [com.example.bankcards.exception.ResourceNotFoundException: Пользователь с именем 'unknown' не существует]
]]></system-out>
  </testcase>
  <testcase name="getMyCards_UnauthorizedUser_ReturnsForbidden" classname="com.example.bankcards.controller.CardControllerTest" time="0.006">
    <system-out><![CDATA[2026-03-15 16:56:45 [main] DEBUG o.s.security.web.FilterChainProxy - Securing GET /api/cards/my
2026-03-15 16:56:45 [main] DEBUG o.s.s.w.a.AnonymousAuthenticationFilter - Set SecurityContextHolder to anonymous SecurityContext
2026-03-15 16:56:45 [main] DEBUG o.s.s.w.a.Http403ForbiddenEntryPoint - Pre-authenticated entry point called. Rejecting access
]]></system-out>
  </testcase>
  <testcase name="balanceCard_ValidId_ReturnsBalance" classname="com.example.bankcards.controller.CardControllerTest" time="0.01">
    <system-out><![CDATA[2026-03-15 16:56:45 [main] DEBUG o.s.security.web.FilterChainProxy - Securing GET /api/cards/balance/1
2026-03-15 16:56:45 [main] DEBUG o.s.security.web.FilterChainProxy - Secured GET /api/cards/balance/1
2026-03-15 16:56:45 [main] DEBUG o.s.w.s.m.m.a.RequestMappingHandlerMapping - Mapped to com.example.bankcards.controller.CardController#balanceCard(Long)
2026-03-15 16:56:45 [main] DEBUG o.s.w.s.m.m.a.HttpEntityMethodProcessor - Using 'application/json', given [*/*] and supported [application/json, application/*+json, application/yaml]
2026-03-15 16:56:45 [main] DEBUG o.s.w.s.m.m.a.HttpEntityMethodProcessor - Writing [CardBalansDto(id=1, number=**** **** **** 4000, expiryDate=2026-05-31, balance=1000.0)]
]]></system-out>
  </testcase>
  <testcase name="activateCard_ValidId_ReturnsActivatedCard" classname="com.example.bankcards.controller.CardControllerTest" time="0.008">
    <system-out><![CDATA[2026-03-15 16:56:45 [main] DEBUG o.s.security.web.FilterChainProxy - Securing POST /api/cards/activate/1
2026-03-15 16:56:45 [main] DEBUG o.s.security.web.FilterChainProxy - Secured POST /api/cards/activate/1
2026-03-15 16:56:45 [main] DEBUG o.s.w.s.m.m.a.RequestMappingHandlerMapping - Mapped to com.example.bankcards.controller.CardController#activateCard(Long)
2026-03-15 16:56:45 [main] DEBUG o.s.s.a.m.AuthorizationManagerBeforeMethodInterceptor - Authorizing method invocation ReflectiveMethodInvocation: public org.springframework.http.ResponseEntity com.example.bankcards.controller.CardController.activateCard(java.lang.Long); target is of class [com.example.bankcards.controller.CardController]
2026-03-15 16:56:45 [main] DEBUG o.s.s.a.m.AuthorizationManagerBeforeMethodInterceptor - Authorized method invocation ReflectiveMethodInvocation: public org.springframework.http.ResponseEntity com.example.bankcards.controller.CardController.activateCard(java.lang.Long); target is of class [com.example.bankcards.controller.CardController]
2026-03-15 16:56:45 [main] DEBUG o.s.w.s.m.m.a.HttpEntityMethodProcessor - Using 'application/json', given [*/*] and supported [application/json, application/*+json, application/yaml]
2026-03-15 16:56:45 [main] DEBUG o.s.w.s.m.m.a.HttpEntityMethodProcessor - Writing [CardDto(id=1, number=**** **** **** 4000, expiryDate=2026-05-31, balance=1000.0, status=ACTIVE, user (truncated)...]
]]></system-out>
  </testcase>
  <testcase name="getAllBlockRequestCards_ReturnsOnlyBlockRequests" classname="com.example.bankcards.controller.CardControllerTest" time="0.007">
    <system-out><![CDATA[2026-03-15 16:56:45 [main] DEBUG o.s.security.web.FilterChainProxy - Securing GET /api/cards/all_block_request
2026-03-15 16:56:45 [main] DEBUG o.s.security.web.FilterChainProxy - Secured GET /api/cards/all_block_request
2026-03-15 16:56:45 [main] DEBUG o.s.w.s.m.m.a.RequestMappingHandlerMapping - Mapped to com.example.bankcards.controller.CardController#getAllBlockRequestCards(int, int)
2026-03-15 16:56:45 [main] DEBUG o.s.s.a.m.AuthorizationManagerBeforeMethodInterceptor - Authorizing method invocation ReflectiveMethodInvocation: public org.springframework.http.ResponseEntity com.example.bankcards.controller.CardController.getAllBlockRequestCards(int,int); target is of class [com.example.bankcards.controller.CardController]
2026-03-15 16:56:45 [main] DEBUG o.s.s.a.m.AuthorizationManagerBeforeMethodInterceptor - Authorized method invocation ReflectiveMethodInvocation: public org.springframework.http.ResponseEntity com.example.bankcards.controller.CardController.getAllBlockRequestCards(int,int); target is of class [com.example.bankcards.controller.CardController]
2026-03-15 16:56:45 [main] DEBUG o.s.w.s.m.m.a.HttpEntityMethodProcessor - Using 'application/json', given [*/*] and supported [application/json, application/*+json, application/yaml]
2026-03-15 16:56:45 [main] DEBUG o.s.w.s.m.m.a.HttpEntityMethodProcessor - Writing [PagedResponse(content=[CardDto(id=1, number=**** **** **** 4000, expiryDate=2026-05-31, balance=1000 (truncated)...]
]]></system-out>
  </testcase>
  <testcase name="getMyCards_ValidRequest_ReturnsPagedResponse" classname="com.example.bankcards.controller.CardControllerTest" time="0.009">
    <system-out><![CDATA[2026-03-15 16:56:45 [main] DEBUG o.s.security.web.FilterChainProxy - Securing GET /api/cards/my
2026-03-15 16:56:45 [main] DEBUG o.s.security.web.FilterChainProxy - Secured GET /api/cards/my
2026-03-15 16:56:45 [main] DEBUG o.s.w.s.m.m.a.RequestMappingHandlerMapping - Mapped to com.example.bankcards.controller.CardController#getMyCards(int, int, String)
2026-03-15 16:56:45 [main] DEBUG o.s.w.s.m.m.a.HttpEntityMethodProcessor - Using 'application/json', given [*/*] and supported [application/json, application/*+json, application/yaml]
2026-03-15 16:56:45 [main] DEBUG o.s.w.s.m.m.a.HttpEntityMethodProcessor - Writing [PagedResponse(content=[CardDto(id=1, number=**** **** **** 4000, expiryDate=2026-05-31, balance=1000 (truncated)...]
]]></system-out>
  </testcase>
  <testcase name="blockCard_ValidId_ReturnsBlockedCard" classname="com.example.bankcards.controller.CardControllerTest" time="0.008">
    <system-out><![CDATA[2026-03-15 16:56:45 [main] DEBUG o.s.security.web.FilterChainProxy - Securing POST /api/cards/block_admin/1
2026-03-15 16:56:45 [main] DEBUG o.s.security.web.FilterChainProxy - Secured POST /api/cards/block_admin/1
2026-03-15 16:56:45 [main] DEBUG o.s.w.s.m.m.a.RequestMappingHandlerMapping - Mapped to com.example.bankcards.controller.CardController#blockCard(Long)
2026-03-15 16:56:45 [main] DEBUG o.s.s.a.m.AuthorizationManagerBeforeMethodInterceptor - Authorizing method invocation ReflectiveMethodInvocation: public org.springframework.http.ResponseEntity com.example.bankcards.controller.CardController.blockCard(java.lang.Long); target is of class [com.example.bankcards.controller.CardController]
2026-03-15 16:56:45 [main] DEBUG o.s.s.a.m.AuthorizationManagerBeforeMethodInterceptor - Authorized method invocation ReflectiveMethodInvocation: public org.springframework.http.ResponseEntity com.example.bankcards.controller.CardController.blockCard(java.lang.Long); target is of class [com.example.bankcards.controller.CardController]
2026-03-15 16:56:45 [main] DEBUG o.s.w.s.m.m.a.HttpEntityMethodProcessor - Using 'application/json', given [*/*] and supported [application/json, application/*+json, application/yaml]
2026-03-15 16:56:45 [main] DEBUG o.s.w.s.m.m.a.HttpEntityMethodProcessor - Writing [CardDto(id=1, number=**** **** **** 4000, expiryDate=2026-05-31, balance=1000.0, status=NEW_CARD, us (truncated)...]
]]></system-out>
  </testcase>
  <testcase name="getAllCards_UnauthorizedUser_ReturnsForbidden" classname="com.example.bankcards.controller.CardControllerTest" time="0.003">
    <system-out><![CDATA[2026-03-15 16:56:45 [main] DEBUG o.s.security.web.FilterChainProxy - Securing GET /api/cards/all
2026-03-15 16:56:45 [main] DEBUG o.s.s.w.a.AnonymousAuthenticationFilter - Set SecurityContextHolder to anonymous SecurityContext
2026-03-15 16:56:45 [main] DEBUG o.s.s.w.a.Http403ForbiddenEntryPoint - Pre-authenticated entry point called. Rejecting access
]]></system-out>
  </testcase>
  <testcase name="balanceCard_UnauthorizedUser_ReturnsForbidden" classname="com.example.bankcards.controller.CardControllerTest" time="0.003">
    <system-out><![CDATA[2026-03-15 16:56:45 [main] DEBUG o.s.security.web.FilterChainProxy - Securing GET /api/cards/balance/1
2026-03-15 16:56:45 [main] DEBUG o.s.s.w.a.AnonymousAuthenticationFilter - Set SecurityContextHolder to anonymous SecurityContext
2026-03-15 16:56:45 [main] DEBUG o.s.s.w.a.Http403ForbiddenEntryPoint - Pre-authenticated entry point called. Rejecting access
]]></system-out>
  </testcase>
  <testcase name="blockRequestCard_UnauthorizedUser_ReturnsForbidden" classname="com.example.bankcards.controller.CardControllerTest" time="0.005">
    <system-out><![CDATA[2026-03-15 16:56:45 [main] DEBUG o.s.security.web.FilterChainProxy - Securing POST /api/cards/block/1
2026-03-15 16:56:45 [main] DEBUG o.s.s.w.a.AnonymousAuthenticationFilter - Set SecurityContextHolder to anonymous SecurityContext
2026-03-15 16:56:45 [main] DEBUG o.s.s.w.a.Http403ForbiddenEntryPoint - Pre-authenticated entry point called. Rejecting access
]]></system-out>
  </testcase>
  <testcase name="createCard_UserNotFound_ReturnsBadRequest" classname="com.example.bankcards.controller.CardControllerTest" time="0.009">
    <system-out><![CDATA[2026-03-15 16:56:45 [main] DEBUG o.s.security.web.FilterChainProxy - Securing POST /api/cards/create
2026-03-15 16:56:45 [main] DEBUG o.s.security.web.FilterChainProxy - Secured POST /api/cards/create
2026-03-15 16:56:45 [main] DEBUG o.s.w.s.m.m.a.RequestMappingHandlerMapping - Mapped to com.example.bankcards.controller.CardController#createCard(CardRegistrationDto)
2026-03-15 16:56:45 [main] DEBUG o.s.w.s.m.m.a.RequestResponseBodyMethodProcessor - Read "application/json;charset=UTF-8" to [CardRegistrationDto(username=unknown)]
2026-03-15 16:56:45 [main] DEBUG o.s.s.a.m.AuthorizationManagerBeforeMethodInterceptor - Authorizing method invocation ReflectiveMethodInvocation: public org.springframework.http.ResponseEntity com.example.bankcards.controller.CardController.createCard(com.example.bankcards.dto.CardRegistrationDto); target is of class [com.example.bankcards.controller.CardController]
2026-03-15 16:56:45 [main] DEBUG o.s.s.a.m.AuthorizationManagerBeforeMethodInterceptor - Authorized method invocation ReflectiveMethodInvocation: public org.springframework.http.ResponseEntity com.example.bankcards.controller.CardController.createCard(com.example.bankcards.dto.CardRegistrationDto); target is of class [com.example.bankcards.controller.CardController]
2026-03-15 16:56:45 [main] DEBUG o.s.w.s.m.m.a.ExceptionHandlerExceptionResolver - Using @ExceptionHandler com.example.bankcards.exception.GlobalExceptionHandler#handleResourceNotFound(ResourceNotFoundException)
2026-03-15 16:56:45 [main] DEBUG o.s.w.s.m.m.a.RequestResponseBodyMethodProcessor - Using 'application/json', given [*/*] and supported [application/json, application/*+json, application/yaml]
2026-03-15 16:56:45 [main] DEBUG o.s.w.s.m.m.a.RequestResponseBodyMethodProcessor - Writing [ErrorResponseDTO(timestamp=2026-03-15T16:56:45.876563, path=/api, status=404, error=Not Found, messa (truncated)...]
2026-03-15 16:56:45 [main] DEBUG o.s.w.s.m.m.a.ExceptionHandlerExceptionResolver - Resolved [com.example.bankcards.exception.ResourceNotFoundException: Пользователь с именем 'unknown' не существует]
]]></system-out>
  </testcase>
  <testcase name="getMyCards_WithSearchNumber_ReturnsFilteredCards" classname="com.example.bankcards.controller.CardControllerTest" time="0.011">
    <system-out><![CDATA[2026-03-15 16:56:45 [main] DEBUG o.s.security.web.FilterChainProxy - Securing GET /api/cards/my
2026-03-15 16:56:45 [main] DEBUG o.s.security.web.FilterChainProxy - Secured GET /api/cards/my
2026-03-15 16:56:45 [main] DEBUG o.s.w.s.m.m.a.RequestMappingHandlerMapping - Mapped to com.example.bankcards.controller.CardController#getMyCards(int, int, String)
2026-03-15 16:56:45 [main] DEBUG o.s.w.s.m.m.a.HttpEntityMethodProcessor - Using 'application/json', given [*/*] and supported [application/json, application/*+json, application/yaml]
2026-03-15 16:56:45 [main] DEBUG o.s.w.s.m.m.a.HttpEntityMethodProcessor - Writing [PagedResponse(content=[CardDto(id=1, number=**** **** **** 4000, expiryDate=2026-05-31, balance=1000 (truncated)...]
]]></system-out>
  </testcase>
  <testcase name="createCard_ValidData_ReturnsCreatedCard" classname="com.example.bankcards.controller.CardControllerTest" time="0.009">
    <system-out><![CDATA[2026-03-15 16:56:45 [main] DEBUG o.s.security.web.FilterChainProxy - Securing POST /api/cards/create
2026-03-15 16:56:45 [main] DEBUG o.s.security.web.FilterChainProxy - Secured POST /api/cards/create
2026-03-15 16:56:45 [main] DEBUG o.s.w.s.m.m.a.RequestMappingHandlerMapping - Mapped to com.example.bankcards.controller.CardController#createCard(CardRegistrationDto)
2026-03-15 16:56:45 [main] DEBUG o.s.w.s.m.m.a.RequestResponseBodyMethodProcessor - Read "application/json;charset=UTF-8" to [CardRegistrationDto(username=user)]
2026-03-15 16:56:45 [main] DEBUG o.s.s.a.m.AuthorizationManagerBeforeMethodInterceptor - Authorizing method invocation ReflectiveMethodInvocation: public org.springframework.http.ResponseEntity com.example.bankcards.controller.CardController.createCard(com.example.bankcards.dto.CardRegistrationDto); target is of class [com.example.bankcards.controller.CardController]
2026-03-15 16:56:45 [main] DEBUG o.s.s.a.m.AuthorizationManagerBeforeMethodInterceptor - Authorized method invocation ReflectiveMethodInvocation: public org.springframework.http.ResponseEntity com.example.bankcards.controller.CardController.createCard(com.example.bankcards.dto.CardRegistrationDto); target is of class [com.example.bankcards.controller.CardController]
2026-03-15 16:56:45 [main] DEBUG o.s.w.s.m.m.a.HttpEntityMethodProcessor - Using 'application/json', given [*/*] and supported [application/json, application/*+json, application/yaml]
2026-03-15 16:56:45 [main] DEBUG o.s.w.s.m.m.a.HttpEntityMethodProcessor - Writing [CardDto(id=1, number=**** **** **** 4000, expiryDate=2026-05-31, balance=1000.0, status=NEW_CARD, us (truncated)...]
]]></system-out>
  </testcase>
</testsuite>